#-----------------------------------------------------------
# Webtalk v2018.1 (64-bit)
# SW Build 2188600 on Wed Apr  4 18:39:19 MDT 2018
# 
# Start of session at: Fri May 31 17:58:11 2019
# Process ID: 23087
# Current directory: /home/oslab/router/router.sdk/webtalk
# Command line: wbtcv -mode batch -source sdk_webtalk.tcl
# Log file: /home/oslab/router/router.sdk/webtalk/webtalk.log
# Journal file: /home/oslab/router/router.sdk/webtalk/webtalk.jou
#-----------------------------------------------------------
source sdk_webtalk.tcl
# webtalk_init -webtalk_dir /home/oslab/router/router.sdk/webtalk
# webtalk_register_client -client project
# webtalk_add_data -client project -key date_generated -value "2019-05-31 17:58:10" -context "software_version_and_target_device"
# webtalk_add_data -client project -key product_version -value "SDK v2018.1" -context "software_version_and_target_device"
# webtalk_add_data -client project -key build_version -value "2018.1" -context "software_version_and_target_device"
# webtalk_add_data -client project -key os_platform -value "amd64" -context "software_version_and_target_device"
# webtalk_add_data -client project -key registration_id -value "" -context "software_version_and_target_device"
# webtalk_add_data -client project -key tool_flow -value "SDK" -context "software_version_and_target_device"
# webtalk_add_data -client project -key beta -value "false" -context "software_version_and_target_device"
# webtalk_add_data -client project -key route_design -value "NA" -context "software_version_and_target_device"
# webtalk_add_data -client project -key target_family -value "NA" -context "software_version_and_target_device"
# webtalk_add_data -client project -key target_device -value "NA" -context "software_version_and_target_device"
# webtalk_add_data -client project -key target_package -value "NA" -context "software_version_and_target_device"
# webtalk_add_data -client project -key target_speed -value "NA" -context "software_version_and_target_device"
# webtalk_add_data -client project -key random_id -value "dv3n9rqka995ptihioi7b0ucsk" -context "software_version_and_target_device"
# webtalk_add_data -client project -key project_id -value "2018.1_3" -context "software_version_and_target_device"
# webtalk_add_data -client project -key project_iteration -value "3" -context "software_version_and_target_device"
# webtalk_add_data -client project -key os_name -value "Ubuntu" -context "user_environment"
# webtalk_add_data -client project -key os_release -value "Ubuntu 18.04.2 LTS" -context "user_environment"
# webtalk_add_data -client project -key cpu_name -value "Intel(R) Core(TM) i7-6700 CPU @ 3.40GHz" -context "user_environment"
# webtalk_add_data -client project -key cpu_speed -value "3704.478 MHz" -context "user_environment"
# webtalk_add_data -client project -key total_processors -value "1" -context "user_environment"
# webtalk_add_data -client project -key system_ram -value "33.660 GB" -context "user_environment"
# webtalk_register_client -client sdk
# webtalk_add_data -client sdk -key uid -value "1559287692000" -context "sdk\\\\hardware/1559287692000"
# webtalk_add_data -client sdk -key isZynq -value "true" -context "sdk\\\\hardware/1559287692000"
# webtalk_add_data -client sdk -key isZynqMP -value "false" -context "sdk\\\\hardware/1559287692000"
# webtalk_add_data -client sdk -key Processors -value "2" -context "sdk\\\\hardware/1559287692000"
# webtalk_add_data -client sdk -key VivadoVersion -value "2018.1" -context "sdk\\\\hardware/1559287692000"
# webtalk_add_data -client sdk -key Arch -value "zynq" -context "sdk\\\\hardware/1559287692000"
# webtalk_add_data -client sdk -key Device -value "7z020" -context "sdk\\\\hardware/1559287692000"
# webtalk_add_data -client sdk -key IsHandoff -value "true" -context "sdk\\\\hardware/1559287692000"
# webtalk_add_data -client sdk -key os -value "NA" -context "sdk\\\\hardware/1559287692000"
# webtalk_add_data -client sdk -key apptemplate -value "NA" -context "sdk\\\\hardware/1559287692000"
# webtalk_add_data -client sdk -key RecordType -value "HWCreation" -context "sdk\\\\hardware/1559287692000"
# webtalk_add_data -client sdk -key uid -value "1559287716000" -context "sdk\\\\bsp/1559287716000"
# webtalk_add_data -client sdk -key hwid -value "1559287692000" -context "sdk\\\\bsp/1559287716000"
# webtalk_add_data -client sdk -key os -value "standalone" -context "sdk\\\\bsp/1559287716000"
# webtalk_add_data -client sdk -key apptemplate -value "hello_world" -context "sdk\\\\bsp/1559287716000"
# webtalk_add_data -client sdk -key RecordType -value "BSPCreation" -context "sdk\\\\bsp/1559287716000"
# webtalk_add_data -client sdk -key uid -value "1559287718000" -context "sdk\\\\application/1559287718000"
# webtalk_add_data -client sdk -key hwid -value "1559287692000" -context "sdk\\\\application/1559287718000"
# webtalk_add_data -client sdk -key bspid -value "1559287716000" -context "sdk\\\\application/1559287718000"
# webtalk_add_data -client sdk -key newbsp -value "true" -context "sdk\\\\application/1559287718000"
# webtalk_add_data -client sdk -key os -value "standalone" -context "sdk\\\\application/1559287718000"
# webtalk_add_data -client sdk -key apptemplate -value "hello_world" -context "sdk\\\\application/1559287718000"
# webtalk_add_data -client sdk -key RecordType -value "APPCreation" -context "sdk\\\\application/1559287718000"
# webtalk_add_data -client sdk -key LangUsed -value "C" -context "sdk\\\\application/1559287718000"
# webtalk_add_data -client sdk -key Procused -value "ps7_cortexa9" -context "sdk\\\\application/1559287718000"
# webtalk_add_data -client sdk -key projSize -value "413.05859375" -context "sdk\\\\application/1559287718000"
# webtalk_add_data -client sdk -key uid -value "NA" -context "sdk\\\\bsp/1559296690295"
# webtalk_add_data -client sdk -key RecordType -value "ToolUsage" -context "sdk\\\\bsp/1559296690295"
# webtalk_add_data -client sdk -key BootgenCount -value "0" -context "sdk\\\\bsp/1559296690295"
# webtalk_add_data -client sdk -key DebugCount -value "23" -context "sdk\\\\bsp/1559296690295"
# webtalk_add_data -client sdk -key PerfCount -value "0" -context "sdk\\\\bsp/1559296690295"
# webtalk_add_data -client sdk -key FlashCount -value "0" -context "sdk\\\\bsp/1559296690295"
# webtalk_add_data -client sdk -key CrossTriggCount -value "0" -context "sdk\\\\bsp/1559296690295"
# webtalk_add_data -client sdk -key QemuDebugCount -value "0" -context "sdk\\\\bsp/1559296690295"
# webtalk_transmit -clientid 3042099717 -regid "" -xml /home/oslab/router/router.sdk/webtalk/usage_statistics_ext_sdk.xml -html /home/oslab/router/router.sdk/webtalk/usage_statistics_ext_sdk.html -wdm /home/oslab/router/router.sdk/webtalk/sdk_webtalk.wdm -intro "<H3>SDK Usage Report</H3><BR>"
INFO: [Common 17-186] '/home/oslab/router/router.sdk/webtalk/usage_statistics_ext_sdk.xml' has been successfully sent to Xilinx on Fri May 31 17:58:16 2019. For additional details about this file, please refer to the WebTalk help file at /opt/Xilinx/SDK/2018.1/doc/webtalk_introduction.html.
webtalk_transmit: Time (s): cpu = 00:00:00.59 ; elapsed = 00:00:05 . Memory (MB): peak = 295.609 ; gain = 0.000 ; free physical = 20690 ; free virtual = 59747
# webtalk_terminate
INFO: [Common 17-206] Exiting Webtalk at Fri May 31 17:58:16 2019...
