20:48:25 INFO  : Registering command handlers for SDK TCF services
20:48:29 INFO  : Launching XSCT server: xsct -n -interactive /home/oslab/router/router.sdk/temp_xsdb_launch_script.tcl
20:48:33 INFO  : XSCT server has started successfully.
20:48:33 INFO  : Successfully done setting XSCT server connection channel  
20:48:37 INFO  : Successfully done setting SDK workspace  
20:48:37 INFO  : Processing command line option -hwspec /home/oslab/router/router.sdk/top.hdf.
20:50:04 INFO  : 'targets -set -filter {jtag_cable_name =~ "Digilent JTAG-HS1 210512180081" && level==0} -index 1' command is executed.
20:50:04 INFO  : 'fpga -state' command is executed.
20:50:04 INFO  : Connected to target on host '127.0.0.1' and port '3121'.
20:50:04 INFO  : Jtag cable 'Digilent JTAG-HS1 210512180081' is selected.
20:50:04 INFO  : 'jtag frequency' command is executed.
20:50:04 INFO  : Sourcing of '/home/oslab/router/router.sdk/top_hw_platform_0/ps7_init.tcl' is done.
20:50:04 INFO  : Context for 'APU' is selected.
20:50:04 INFO  : Hardware design information is loaded from '/home/oslab/router/router.sdk/top_hw_platform_0/system.hdf'.
20:50:04 INFO  : 'configparams force-mem-access 1' command is executed.
20:50:04 INFO  : Context for 'APU' is selected.
20:50:04 INFO  : 'stop' command is executed.
20:50:05 INFO  : 'ps7_init' command is executed.
20:50:05 INFO  : 'ps7_post_config' command is executed.
20:50:05 INFO  : Context for processor 'ps7_cortexa9_0' is selected.
20:50:05 INFO  : Processor reset is completed for 'ps7_cortexa9_0'.
20:50:05 INFO  : Context for processor 'ps7_cortexa9_0' is selected.
20:50:05 INFO  : The application '/home/oslab/router/router.sdk/router/Debug/router.elf' is downloaded to processor 'ps7_cortexa9_0'.
20:50:05 INFO  : 'configparams force-mem-access 0' command is executed.
20:50:05 INFO  : ----------------XSDB Script----------------
connect -url tcp:127.0.0.1:3121
source /home/oslab/router/router.sdk/top_hw_platform_0/ps7_init.tcl
targets -set -nocase -filter {name =~"APU*" && jtag_cable_name =~ "Digilent JTAG-HS1 210512180081"} -index 0
loadhw -hw /home/oslab/router/router.sdk/top_hw_platform_0/system.hdf -mem-ranges [list {0x40000000 0xbfffffff}]
configparams force-mem-access 1
targets -set -nocase -filter {name =~"APU*" && jtag_cable_name =~ "Digilent JTAG-HS1 210512180081"} -index 0
stop
ps7_init
ps7_post_config
targets -set -nocase -filter {name =~ "ARM*#0" && jtag_cable_name =~ "Digilent JTAG-HS1 210512180081"} -index 0
rst -processor
targets -set -nocase -filter {name =~ "ARM*#0" && jtag_cable_name =~ "Digilent JTAG-HS1 210512180081"} -index 0
dow /home/oslab/router/router.sdk/router/Debug/router.elf
configparams force-mem-access 0
----------------End of Script----------------

20:50:05 INFO  : Memory regions updated for context APU
20:50:05 INFO  : Context for processor 'ps7_cortexa9_0' is selected.
20:50:05 INFO  : 'con' command is executed.
20:50:05 INFO  : ----------------XSDB Script (After Launch)----------------
targets -set -nocase -filter {name =~ "ARM*#0" && jtag_cable_name =~ "Digilent JTAG-HS1 210512180081"} -index 0
con
----------------End of Script----------------

20:50:05 INFO  : Launch script is exported to file '/home/oslab/router/router.sdk/.sdk/launch_scripts/xilinx_c-c++_application_(system_debugger)/system_debugger_using_debug_router.elf_on_local.tcl'
20:53:12 INFO  : Disconnected from the channel tcfchan#1.
20:53:13 INFO  : 'targets -set -filter {jtag_cable_name =~ "Digilent JTAG-HS1 210512180081" && level==0} -index 1' command is executed.
20:53:13 INFO  : 'fpga -state' command is executed.
20:53:13 INFO  : Connected to target on host '127.0.0.1' and port '3121'.
20:53:13 INFO  : Jtag cable 'Digilent JTAG-HS1 210512180081' is selected.
20:53:13 INFO  : 'jtag frequency' command is executed.
20:53:13 INFO  : Sourcing of '/home/oslab/router/router.sdk/top_hw_platform_0/ps7_init.tcl' is done.
20:53:13 INFO  : Context for 'APU' is selected.
20:53:14 INFO  : Hardware design information is loaded from '/home/oslab/router/router.sdk/top_hw_platform_0/system.hdf'.
20:53:14 INFO  : 'configparams force-mem-access 1' command is executed.
20:53:14 INFO  : Context for 'APU' is selected.
20:53:14 INFO  : 'stop' command is executed.
20:53:14 INFO  : 'ps7_init' command is executed.
20:53:14 INFO  : 'ps7_post_config' command is executed.
20:53:14 INFO  : Context for processor 'ps7_cortexa9_0' is selected.
20:53:14 INFO  : Processor reset is completed for 'ps7_cortexa9_0'.
20:53:14 INFO  : Context for processor 'ps7_cortexa9_0' is selected.
20:53:14 INFO  : The application '/home/oslab/router/router.sdk/router/Debug/router.elf' is downloaded to processor 'ps7_cortexa9_0'.
20:53:14 INFO  : 'configparams force-mem-access 0' command is executed.
20:53:14 INFO  : ----------------XSDB Script----------------
connect -url tcp:127.0.0.1:3121
source /home/oslab/router/router.sdk/top_hw_platform_0/ps7_init.tcl
targets -set -nocase -filter {name =~"APU*" && jtag_cable_name =~ "Digilent JTAG-HS1 210512180081"} -index 0
loadhw -hw /home/oslab/router/router.sdk/top_hw_platform_0/system.hdf -mem-ranges [list {0x40000000 0xbfffffff}]
configparams force-mem-access 1
targets -set -nocase -filter {name =~"APU*" && jtag_cable_name =~ "Digilent JTAG-HS1 210512180081"} -index 0
stop
ps7_init
ps7_post_config
targets -set -nocase -filter {name =~ "ARM*#0" && jtag_cable_name =~ "Digilent JTAG-HS1 210512180081"} -index 0
rst -processor
targets -set -nocase -filter {name =~ "ARM*#0" && jtag_cable_name =~ "Digilent JTAG-HS1 210512180081"} -index 0
dow /home/oslab/router/router.sdk/router/Debug/router.elf
configparams force-mem-access 0
----------------End of Script----------------

20:53:14 INFO  : Memory regions updated for context APU
20:53:15 INFO  : Context for processor 'ps7_cortexa9_0' is selected.
20:53:15 INFO  : 'con' command is executed.
20:53:15 INFO  : ----------------XSDB Script (After Launch)----------------
targets -set -nocase -filter {name =~ "ARM*#0" && jtag_cable_name =~ "Digilent JTAG-HS1 210512180081"} -index 0
con
----------------End of Script----------------

20:53:15 INFO  : Launch script is exported to file '/home/oslab/router/router.sdk/.sdk/launch_scripts/xilinx_c-c++_application_(system_debugger)/system_debugger_using_debug_router.elf_on_local.tcl'
20:57:59 INFO  : Example project router_bsp_xllfifo_polling_example_1 has been created successfully.
20:57:59 INFO  : Example project router_bsp_xllfifo_interrupt_example_1 has been created successfully.
20:58:12 INFO  : SDK has detected change in the last modified timestamps for source hardware specification file Source:1559048239000,  Project:1559047687000
20:58:12 INFO  : Project top_hw_platform_0's source hardware specification located at /home/oslab/router/router.sdk/top.hdf is now different from the local copy.
		 The local copy will be replaced with the source specification and your workspace will be updated.
20:58:25 INFO  : Copied contents of /home/oslab/router/router.sdk/top.hdf into /top_hw_platform_0/system.hdf.
20:58:26 INFO  : Synchronizing projects in the workspace with the hardware platform specification changes.
20:58:27 INFO  : 
20:58:32 INFO  : Updating hardware inferred compiler options for router.
20:58:33 INFO  : Updating hardware inferred compiler options for router_bsp_xllfifo_interrupt_example_1.
20:58:34 INFO  : Updating hardware inferred compiler options for router_bsp_xllfifo_polling_example_1.
20:58:34 INFO  : Clearing existing target manager status.
20:58:34 INFO  : Closing and re-opening the MSS file of ther project router_bsp
20:58:34 INFO  : Workspace synchronized with the new hardware specification file. Cleaning dependent projects...
20:58:36 WARN  : Linker script will not be updated automatically. Users need to update it manually.
